<?xml version="1.0" encoding="UTF-8"?>
<coverage generated="1593352319388" clover="3.2.0">
  <project timestamp="1593352319389" name="All files">
    <metrics statements="23" coveredstatements="23" conditionals="37" coveredconditionals="36" methods="9" coveredmethods="9" elements="69" coveredelements="68" complexity="0" loc="23" ncloc="23" packages="1" files="9" classes="9"/>
    <file name="helper.js" path="/home/gavin/git/reactstrap-form-validator/src/validator/helper.js">
      <metrics statements="2" coveredstatements="2" conditionals="3" coveredconditionals="3" methods="1" coveredmethods="1"/>
      <line num="1" count="2" type="stmt"/>
      <line num="2" count="8" type="cond" truecount="3" falsecount="0"/>
    </file>
    <file name="index.js" path="/home/gavin/git/reactstrap-form-validator/src/validator/index.js">
      <metrics statements="0" coveredstatements="0" conditionals="0" coveredconditionals="0" methods="0" coveredmethods="0"/>
    </file>
    <file name="max.js" path="/home/gavin/git/reactstrap-form-validator/src/validator/max.js">
      <metrics statements="3" coveredstatements="3" conditionals="5" coveredconditionals="5" methods="1" coveredmethods="1"/>
      <line num="3" count="7" type="stmt"/>
      <line num="4" count="9" type="cond" truecount="2" falsecount="0"/>
      <line num="5" count="8" type="cond" truecount="3" falsecount="0"/>
    </file>
    <file name="maxLength.js" path="/home/gavin/git/reactstrap-form-validator/src/validator/maxLength.js">
      <metrics statements="3" coveredstatements="3" conditionals="5" coveredconditionals="5" methods="1" coveredmethods="1"/>
      <line num="3" count="7" type="stmt"/>
      <line num="4" count="9" type="cond" truecount="2" falsecount="0"/>
      <line num="5" count="8" type="cond" truecount="3" falsecount="0"/>
    </file>
    <file name="min.js" path="/home/gavin/git/reactstrap-form-validator/src/validator/min.js">
      <metrics statements="3" coveredstatements="3" conditionals="5" coveredconditionals="5" methods="1" coveredmethods="1"/>
      <line num="3" count="7" type="stmt"/>
      <line num="4" count="9" type="cond" truecount="2" falsecount="0"/>
      <line num="5" count="8" type="cond" truecount="3" falsecount="0"/>
    </file>
    <file name="minLength.js" path="/home/gavin/git/reactstrap-form-validator/src/validator/minLength.js">
      <metrics statements="3" coveredstatements="3" conditionals="5" coveredconditionals="5" methods="1" coveredmethods="1"/>
      <line num="3" count="7" type="stmt"/>
      <line num="4" count="9" type="cond" truecount="2" falsecount="0"/>
      <line num="5" count="8" type="cond" truecount="3" falsecount="0"/>
    </file>
    <file name="pattern.js" path="/home/gavin/git/reactstrap-form-validator/src/validator/pattern.js">
      <metrics statements="3" coveredstatements="3" conditionals="5" coveredconditionals="5" methods="1" coveredmethods="1"/>
      <line num="3" count="7" type="stmt"/>
      <line num="4" count="6" type="cond" truecount="2" falsecount="0"/>
      <line num="5" count="5" type="cond" truecount="3" falsecount="0"/>
    </file>
    <file name="required.js" path="/home/gavin/git/reactstrap-form-validator/src/validator/required.js">
      <metrics statements="2" coveredstatements="2" conditionals="3" coveredconditionals="3" methods="1" coveredmethods="1"/>
      <line num="3" count="7" type="stmt"/>
      <line num="4" count="3" type="cond" truecount="3" falsecount="0"/>
    </file>
    <file name="validate.js" path="/home/gavin/git/reactstrap-form-validator/src/validator/validate.js">
      <metrics statements="4" coveredstatements="4" conditionals="6" coveredconditionals="5" methods="2" coveredmethods="2"/>
      <line num="3" count="1" type="stmt"/>
      <line num="4" count="2" type="cond" truecount="2" falsecount="0"/>
      <line num="6" count="3" type="stmt"/>
      <line num="7" count="3" type="cond" truecount="2" falsecount="0"/>
    </file>
  </project>
</coverage>
