<?xml version="1.0" encoding="UTF-8"?>
<coverage generated="1593346718569" clover="3.2.0">
  <project timestamp="1593346718569" name="All files">
    <metrics statements="19" coveredstatements="7" conditionals="31" coveredconditionals="0" methods="7" coveredmethods="0" elements="57" coveredelements="7" complexity="0" loc="19" ncloc="19" packages="1" files="8" classes="8"/>
    <file name="helper.js" path="/home/gavin/git/reactstrap-form-validator/src/validator/helper.js">
      <metrics statements="2" coveredstatements="1" conditionals="3" coveredconditionals="0" methods="1" coveredmethods="0"/>
      <line num="1" count="7" type="stmt"/>
      <line num="2" count="0" type="cond" truecount="0" falsecount="3"/>
    </file>
    <file name="index.js" path="/home/gavin/git/reactstrap-form-validator/src/validator/index.js">
      <metrics statements="0" coveredstatements="0" conditionals="0" coveredconditionals="0" methods="0" coveredmethods="0"/>
    </file>
    <file name="max.js" path="/home/gavin/git/reactstrap-form-validator/src/validator/max.js">
      <metrics statements="3" coveredstatements="1" conditionals="5" coveredconditionals="0" methods="1" coveredmethods="0"/>
      <line num="3" count="6" type="stmt"/>
      <line num="4" count="0" type="cond" truecount="0" falsecount="2"/>
      <line num="5" count="0" type="cond" truecount="0" falsecount="3"/>
    </file>
    <file name="maxLength.js" path="/home/gavin/git/reactstrap-form-validator/src/validator/maxLength.js">
      <metrics statements="3" coveredstatements="1" conditionals="5" coveredconditionals="0" methods="1" coveredmethods="0"/>
      <line num="3" count="6" type="stmt"/>
      <line num="4" count="0" type="cond" truecount="0" falsecount="2"/>
      <line num="5" count="0" type="cond" truecount="0" falsecount="3"/>
    </file>
    <file name="min.js" path="/home/gavin/git/reactstrap-form-validator/src/validator/min.js">
      <metrics statements="3" coveredstatements="1" conditionals="5" coveredconditionals="0" methods="1" coveredmethods="0"/>
      <line num="3" count="6" type="stmt"/>
      <line num="4" count="0" type="cond" truecount="0" falsecount="2"/>
      <line num="5" count="0" type="cond" truecount="0" falsecount="3"/>
    </file>
    <file name="minLength.js" path="/home/gavin/git/reactstrap-form-validator/src/validator/minLength.js">
      <metrics statements="3" coveredstatements="1" conditionals="5" coveredconditionals="0" methods="1" coveredmethods="0"/>
      <line num="3" count="6" type="stmt"/>
      <line num="4" count="0" type="cond" truecount="0" falsecount="2"/>
      <line num="5" count="0" type="cond" truecount="0" falsecount="3"/>
    </file>
    <file name="pattern.js" path="/home/gavin/git/reactstrap-form-validator/src/validator/pattern.js">
      <metrics statements="3" coveredstatements="1" conditionals="5" coveredconditionals="0" methods="1" coveredmethods="0"/>
      <line num="3" count="6" type="stmt"/>
      <line num="4" count="0" type="cond" truecount="0" falsecount="2"/>
      <line num="5" count="0" type="cond" truecount="0" falsecount="3"/>
    </file>
    <file name="required.js" path="/home/gavin/git/reactstrap-form-validator/src/validator/required.js">
      <metrics statements="2" coveredstatements="1" conditionals="3" coveredconditionals="0" methods="1" coveredmethods="0"/>
      <line num="3" count="6" type="stmt"/>
      <line num="4" count="0" type="cond" truecount="0" falsecount="3"/>
    </file>
  </project>
</coverage>
