{"/home/gavin/git/reactstrap-form-validator/src/validator/helper.js": {"path":"/home/gavin/git/reactstrap-form-validator/src/validator/helper.js","statementMap":{"0":{"start":{"line":1,"column":23},"end":{"line":3,"column":1}},"1":{"start":{"line":2,"column":2},"end":{"line":2,"column":67}}},"fnMap":{"0":{"name":"(anonymous_0)","decl":{"start":{"line":1,"column":23},"end":{"line":1,"column":24}},"loc":{"start":{"line":2,"column":2},"end":{"line":2,"column":67}},"line":2}},"branchMap":{"0":{"loc":{"start":{"line":2,"column":2},"end":{"line":2,"column":67}},"type":"binary-expr","locations":[{"start":{"line":2,"column":2},"end":{"line":2,"column":21}},{"start":{"line":2,"column":25},"end":{"line":2,"column":39}},{"start":{"line":2,"column":43},"end":{"line":2,"column":67}}],"line":2}},"s":{"0":2,"1":8},"f":{"0":8},"b":{"0":[8,6,5]},"_coverageSchema":"43e27e138ebf9cfc5966b082cf9a028302ed4184","hash":"6fe8343a256b90bd56252832f9380594af1bd755"}
,"/home/gavin/git/reactstrap-form-validator/src/validator/index.js": {"path":"/home/gavin/git/reactstrap-form-validator/src/validator/index.js","statementMap":{},"fnMap":{},"branchMap":{},"s":{},"f":{},"b":{},"_coverageSchema":"43e27e138ebf9cfc5966b082cf9a028302ed4184","hash":"93a582e0f99a73bb65c6cad7cef7cc87019457af"}
,"/home/gavin/git/reactstrap-form-validator/src/validator/max.js": {"path":"/home/gavin/git/reactstrap-form-validator/src/validator/max.js","statementMap":{"0":{"start":{"line":3,"column":19},"end":{"line":8,"column":1}},"1":{"start":{"line":4,"column":2},"end":{"line":7,"column":3}},"2":{"start":{"line":5,"column":4},"end":{"line":6,"column":54}}},"fnMap":{"0":{"name":"(anonymous_0)","decl":{"start":{"line":3,"column":19},"end":{"line":3,"column":20}},"loc":{"start":{"line":3,"column":42},"end":{"line":8,"column":1}},"line":3}},"branchMap":{"0":{"loc":{"start":{"line":4,"column":2},"end":{"line":7,"column":3}},"type":"if","locations":[{"start":{"line":4,"column":2},"end":{"line":7,"column":3}},{"start":{"line":4,"column":2},"end":{"line":7,"column":3}}],"line":4},"1":{"loc":{"start":{"line":5,"column":11},"end":{"line":6,"column":53}},"type":"binary-expr","locations":[{"start":{"line":5,"column":11},"end":{"line":5,"column":51}},{"start":{"line":6,"column":10},"end":{"line":6,"column":28}},{"start":{"line":6,"column":32},"end":{"line":6,"column":52}}],"line":5}},"s":{"0":7,"1":9,"2":8},"f":{"0":9},"b":{"0":[8,1],"1":[8,4,2]},"_coverageSchema":"43e27e138ebf9cfc5966b082cf9a028302ed4184","hash":"7bfb172f82648b5d5983bea4fc991b615ff2f375"}
,"/home/gavin/git/reactstrap-form-validator/src/validator/maxLength.js": {"path":"/home/gavin/git/reactstrap-form-validator/src/validator/maxLength.js","statementMap":{"0":{"start":{"line":3,"column":25},"end":{"line":8,"column":1}},"1":{"start":{"line":4,"column":2},"end":{"line":7,"column":3}},"2":{"start":{"line":5,"column":4},"end":{"line":6,"column":53}}},"fnMap":{"0":{"name":"(anonymous_0)","decl":{"start":{"line":3,"column":25},"end":{"line":3,"column":26}},"loc":{"start":{"line":3,"column":48},"end":{"line":8,"column":1}},"line":3}},"branchMap":{"0":{"loc":{"start":{"line":4,"column":2},"end":{"line":7,"column":3}},"type":"if","locations":[{"start":{"line":4,"column":2},"end":{"line":7,"column":3}},{"start":{"line":4,"column":2},"end":{"line":7,"column":3}}],"line":4},"1":{"loc":{"start":{"line":5,"column":11},"end":{"line":6,"column":52}},"type":"binary-expr","locations":[{"start":{"line":5,"column":11},"end":{"line":5,"column":58}},{"start":{"line":6,"column":10},"end":{"line":6,"column":28}},{"start":{"line":6,"column":32},"end":{"line":6,"column":51}}],"line":5}},"s":{"0":7,"1":9,"2":8},"f":{"0":9},"b":{"0":[8,1],"1":[8,4,2]},"_coverageSchema":"43e27e138ebf9cfc5966b082cf9a028302ed4184","hash":"743d51a7590f2868a22cc1dbd34a4480450d130d"}
,"/home/gavin/git/reactstrap-form-validator/src/validator/min.js": {"path":"/home/gavin/git/reactstrap-form-validator/src/validator/min.js","statementMap":{"0":{"start":{"line":3,"column":19},"end":{"line":8,"column":1}},"1":{"start":{"line":4,"column":2},"end":{"line":7,"column":3}},"2":{"start":{"line":5,"column":4},"end":{"line":6,"column":54}}},"fnMap":{"0":{"name":"(anonymous_0)","decl":{"start":{"line":3,"column":19},"end":{"line":3,"column":20}},"loc":{"start":{"line":3,"column":42},"end":{"line":8,"column":1}},"line":3}},"branchMap":{"0":{"loc":{"start":{"line":4,"column":2},"end":{"line":7,"column":3}},"type":"if","locations":[{"start":{"line":4,"column":2},"end":{"line":7,"column":3}},{"start":{"line":4,"column":2},"end":{"line":7,"column":3}}],"line":4},"1":{"loc":{"start":{"line":5,"column":11},"end":{"line":6,"column":53}},"type":"binary-expr","locations":[{"start":{"line":5,"column":11},"end":{"line":5,"column":51}},{"start":{"line":6,"column":10},"end":{"line":6,"column":28}},{"start":{"line":6,"column":32},"end":{"line":6,"column":52}}],"line":5}},"s":{"0":7,"1":9,"2":8},"f":{"0":9},"b":{"0":[8,1],"1":[8,4,2]},"_coverageSchema":"43e27e138ebf9cfc5966b082cf9a028302ed4184","hash":"e78cf6f53be43641c2a46fc4fea0bc81a2287c4f"}
,"/home/gavin/git/reactstrap-form-validator/src/validator/minLength.js": {"path":"/home/gavin/git/reactstrap-form-validator/src/validator/minLength.js","statementMap":{"0":{"start":{"line":3,"column":25},"end":{"line":8,"column":1}},"1":{"start":{"line":4,"column":2},"end":{"line":7,"column":3}},"2":{"start":{"line":5,"column":4},"end":{"line":6,"column":54}}},"fnMap":{"0":{"name":"(anonymous_0)","decl":{"start":{"line":3,"column":25},"end":{"line":3,"column":26}},"loc":{"start":{"line":3,"column":48},"end":{"line":8,"column":1}},"line":3}},"branchMap":{"0":{"loc":{"start":{"line":4,"column":2},"end":{"line":7,"column":3}},"type":"if","locations":[{"start":{"line":4,"column":2},"end":{"line":7,"column":3}},{"start":{"line":4,"column":2},"end":{"line":7,"column":3}}],"line":4},"1":{"loc":{"start":{"line":5,"column":11},"end":{"line":6,"column":53}},"type":"binary-expr","locations":[{"start":{"line":5,"column":11},"end":{"line":5,"column":58}},{"start":{"line":6,"column":10},"end":{"line":6,"column":28}},{"start":{"line":6,"column":32},"end":{"line":6,"column":52}}],"line":5}},"s":{"0":7,"1":9,"2":8},"f":{"0":9},"b":{"0":[8,1],"1":[8,4,2]},"_coverageSchema":"43e27e138ebf9cfc5966b082cf9a028302ed4184","hash":"f7cabda452019420a6d45cfd3a0813fc88b24047"}
,"/home/gavin/git/reactstrap-form-validator/src/validator/pattern.js": {"path":"/home/gavin/git/reactstrap-form-validator/src/validator/pattern.js","statementMap":{"0":{"start":{"line":3,"column":23},"end":{"line":8,"column":1}},"1":{"start":{"line":4,"column":2},"end":{"line":7,"column":3}},"2":{"start":{"line":5,"column":4},"end":{"line":6,"column":63}}},"fnMap":{"0":{"name":"(anonymous_0)","decl":{"start":{"line":3,"column":23},"end":{"line":3,"column":24}},"loc":{"start":{"line":3,"column":46},"end":{"line":8,"column":1}},"line":3}},"branchMap":{"0":{"loc":{"start":{"line":4,"column":2},"end":{"line":7,"column":3}},"type":"if","locations":[{"start":{"line":4,"column":2},"end":{"line":7,"column":3}},{"start":{"line":4,"column":2},"end":{"line":7,"column":3}}],"line":4},"1":{"loc":{"start":{"line":5,"column":11},"end":{"line":6,"column":62}},"type":"binary-expr","locations":[{"start":{"line":5,"column":11},"end":{"line":5,"column":62}},{"start":{"line":6,"column":10},"end":{"line":6,"column":28}},{"start":{"line":6,"column":32},"end":{"line":6,"column":61}}],"line":5}},"s":{"0":7,"1":6,"2":5},"f":{"0":6},"b":{"0":[5,1],"1":[5,4,2]},"_coverageSchema":"43e27e138ebf9cfc5966b082cf9a028302ed4184","hash":"ef6c6a30cd60800ea210e677778a5dce16dd515b"}
,"/home/gavin/git/reactstrap-form-validator/src/validator/required.js": {"path":"/home/gavin/git/reactstrap-form-validator/src/validator/required.js","statementMap":{"0":{"start":{"line":3,"column":24},"end":{"line":5,"column":1}},"1":{"start":{"line":4,"column":2},"end":{"line":4,"column":63}}},"fnMap":{"0":{"name":"(anonymous_0)","decl":{"start":{"line":3,"column":24},"end":{"line":3,"column":25}},"loc":{"start":{"line":4,"column":2},"end":{"line":4,"column":63}},"line":4}},"branchMap":{"0":{"loc":{"start":{"line":4,"column":2},"end":{"line":4,"column":63}},"type":"binary-expr","locations":[{"start":{"line":4,"column":2},"end":{"line":4,"column":16}},{"start":{"line":4,"column":21},"end":{"line":4,"column":39}},{"start":{"line":4,"column":43},"end":{"line":4,"column":62}}],"line":4}},"s":{"0":7,"1":3},"f":{"0":3},"b":{"0":[3,2,1]},"_coverageSchema":"43e27e138ebf9cfc5966b082cf9a028302ed4184","hash":"3bb8377f373e8adb3ddc16cc2e8e5f5315371518"}
,"/home/gavin/git/reactstrap-form-validator/src/validator/validate.js": {"path":"/home/gavin/git/reactstrap-form-validator/src/validator/validate.js","statementMap":{"0":{"start":{"line":3,"column":24},"end":{"line":11,"column":1}},"1":{"start":{"line":4,"column":2},"end":{"line":10,"column":12}},"2":{"start":{"line":6,"column":20},"end":{"line":6,"column":60}},"3":{"start":{"line":7,"column":6},"end":{"line":9,"column":11}}},"fnMap":{"0":{"name":"(anonymous_0)","decl":{"start":{"line":3,"column":24},"end":{"line":3,"column":25}},"loc":{"start":{"line":4,"column":2},"end":{"line":10,"column":12}},"line":4},"1":{"name":"(anonymous_1)","decl":{"start":{"line":5,"column":12},"end":{"line":5,"column":13}},"loc":{"start":{"line":5,"column":24},"end":{"line":10,"column":5}},"line":5}},"branchMap":{"0":{"loc":{"start":{"line":4,"column":2},"end":{"line":10,"column":12}},"type":"binary-expr","locations":[{"start":{"line":4,"column":2},"end":{"line":4,"column":13}},{"start":{"line":4,"column":17},"end":{"line":10,"column":12}}],"line":4},"1":{"loc":{"start":{"line":7,"column":13},"end":{"line":9,"column":11}},"type":"cond-expr","locations":[{"start":{"line":8,"column":10},"end":{"line":8,"column":39}},{"start":{"line":9,"column":10},"end":{"line":9,"column":11}}],"line":7},"2":{"loc":{"start":{"line":8,"column":15},"end":{"line":8,"column":30}},"type":"cond-expr","locations":[{"start":{"line":8,"column":19},"end":{"line":8,"column":25}},{"start":{"line":8,"column":28},"end":{"line":8,"column":30}}],"line":8}},"s":{"0":1,"1":2,"2":3,"3":3},"f":{"0":2,"1":3},"b":{"0":[2,2],"1":[1,2],"2":[0,1]},"_coverageSchema":"43e27e138ebf9cfc5966b082cf9a028302ed4184","hash":"236603e37ae4159f36b15f84961cb605c89edbb2"}
}
