TN:
SF:/home/gavin/git/reactstrap-form-validator/src/validator/helper.js
FN:1,(anonymous_0)
FNF:1
FNH:1
FNDA:8,(anonymous_0)
DA:1,2
DA:2,8
LF:2
LH:2
BRDA:2,0,0,8
BRDA:2,0,1,6
BRDA:2,0,2,5
BRF:3
BRH:3
end_of_record
TN:
SF:/home/gavin/git/reactstrap-form-validator/src/validator/index.js
FNF:0
FNH:0
LF:0
LH:0
BRF:0
BRH:0
end_of_record
TN:
SF:/home/gavin/git/reactstrap-form-validator/src/validator/max.js
FN:3,(anonymous_0)
FNF:1
FNH:1
FNDA:9,(anonymous_0)
DA:3,7
DA:4,9
DA:5,8
LF:3
LH:3
BRDA:4,0,0,8
BRDA:4,0,1,1
BRDA:5,1,0,8
BRDA:5,1,1,4
BRDA:5,1,2,2
BRF:5
BRH:5
end_of_record
TN:
SF:/home/gavin/git/reactstrap-form-validator/src/validator/maxLength.js
FN:3,(anonymous_0)
FNF:1
FNH:1
FNDA:9,(anonymous_0)
DA:3,7
DA:4,9
DA:5,8
LF:3
LH:3
BRDA:4,0,0,8
BRDA:4,0,1,1
BRDA:5,1,0,8
BRDA:5,1,1,4
BRDA:5,1,2,2
BRF:5
BRH:5
end_of_record
TN:
SF:/home/gavin/git/reactstrap-form-validator/src/validator/min.js
FN:3,(anonymous_0)
FNF:1
FNH:1
FNDA:9,(anonymous_0)
DA:3,7
DA:4,9
DA:5,8
LF:3
LH:3
BRDA:4,0,0,8
BRDA:4,0,1,1
BRDA:5,1,0,8
BRDA:5,1,1,4
BRDA:5,1,2,2
BRF:5
BRH:5
end_of_record
TN:
SF:/home/gavin/git/reactstrap-form-validator/src/validator/minLength.js
FN:3,(anonymous_0)
FNF:1
FNH:1
FNDA:9,(anonymous_0)
DA:3,7
DA:4,9
DA:5,8
LF:3
LH:3
BRDA:4,0,0,8
BRDA:4,0,1,1
BRDA:5,1,0,8
BRDA:5,1,1,4
BRDA:5,1,2,2
BRF:5
BRH:5
end_of_record
TN:
SF:/home/gavin/git/reactstrap-form-validator/src/validator/pattern.js
FN:3,(anonymous_0)
FNF:1
FNH:1
FNDA:6,(anonymous_0)
DA:3,7
DA:4,6
DA:5,5
LF:3
LH:3
BRDA:4,0,0,5
BRDA:4,0,1,1
BRDA:5,1,0,5
BRDA:5,1,1,4
BRDA:5,1,2,2
BRF:5
BRH:5
end_of_record
TN:
SF:/home/gavin/git/reactstrap-form-validator/src/validator/required.js
FN:3,(anonymous_0)
FNF:1
FNH:1
FNDA:3,(anonymous_0)
DA:3,7
DA:4,3
LF:2
LH:2
BRDA:4,0,0,3
BRDA:4,0,1,2
BRDA:4,0,2,1
BRF:3
BRH:3
end_of_record
TN:
SF:/home/gavin/git/reactstrap-form-validator/src/validator/validate.js
FN:3,(anonymous_0)
FN:5,(anonymous_1)
FNF:2
FNH:2
FNDA:2,(anonymous_0)
FNDA:3,(anonymous_1)
DA:3,1
DA:4,2
DA:6,3
DA:7,3
LF:4
LH:4
BRDA:4,0,0,2
BRDA:4,0,1,2
BRDA:7,1,0,1
BRDA:7,1,1,2
BRDA:8,2,0,0
BRDA:8,2,1,1
BRF:6
BRH:5
end_of_record
